<?xml version="1.0" encoding="UTF-8"?>
<!-- Generated by org.testng.reporters.JUnitXMLReporter -->
<testsuite ignored="0" hostname="Bhavishyas-Laptop.local" failures="0" tests="5" name="Open Cart Home Page" time="6.341" errors="0" timestamp="2025-05-20T12:57:48 PDT">
  <testcase classname="com.qa.opencart.tests.HomePageTest" name="homePageTitleTest" time="0.012"/>
  <testcase classname="com.qa.opencart.tests.HomePageTest" name="homePageUrlTest" time="0.0"/>
  <testcase classname="com.qa.opencart.tests.HomePageTest" name="searchTest" time="0.419"/>
  <testcase classname="com.qa.opencart.tests.HomePageTest" name="searchTest" time="0.397"/>
  <testcase classname="com.qa.opencart.tests.HomePageTest" name="searchTest" time="0.4"/>
</testsuite> <!-- Open Cart Home Page -->
