<?xml version="1.0" encoding="UTF-8"?>
<!-- Generated by org.testng.reporters.JUnitXMLReporter -->
<testsuite ignored="0" hostname="Bhavishyas-Laptop.local" failures="0" tests="5" name="Open Cart Home Page Test" time="5.933" errors="0" timestamp="2025-05-20T17:24:46 PDT">
  <testcase classname="com.qa.opencart.tests.HomePageTest" name="homePageTitleTest" time="0.009"/>
  <testcase classname="com.qa.opencart.tests.HomePageTest" name="homePageUrlTest" time="0.001"/>
  <testcase classname="com.qa.opencart.tests.HomePageTest" name="searchTest" time="0.404"/>
  <testcase classname="com.qa.opencart.tests.HomePageTest" name="searchTest" time="0.381"/>
  <testcase classname="com.qa.opencart.tests.HomePageTest" name="searchTest" time="0.376"/>
</testsuite> <!-- Open Cart Home Page Test -->
